<?xml version="1.0" encoding="UTF-8"?>
<!-- Generated by org.testng.reporters.JUnitXMLReporter -->
<testsuite ignored="0" hostname="LAPTOP-GUNR1UGH" failures="2" tests="2" name="Test" time="48.968" errors="0" timestamp="2021-11-08T12:51:57 IST">
  <testcase classname="com.vtiger.testcases.OrgTest" name="OrgWithIndustry" time="5.353">
    <failure type="java.lang.NullPointerException" message="Cannot invoke &amp;quot;org.apache.poi.ss.usermodel.Row.getCell(int)&amp;quot; because &amp;quot;row&amp;quot; is null">
      <![CDATA[java.lang.NullPointerException: Cannot invoke "org.apache.poi.ss.usermodel.Row.getCell(int)" because "row" is null
at com.vtiger.genericutil.ExcelUtility.excelUtility(ExcelUtility.java:22)
at com.vtiger.testcases.OrgTest.OrgWithIndustry(OrgTest.java:43)
at java.base/java.util.ArrayList.forEach(ArrayList.java:1511)
... Removed 27 stack frames]]>
    </failure>
  </testcase> <!-- OrgWithIndustry -->
  <testcase classname="com.vtiger.testcases.OrgTest" name="createOrgTest" time="0.054">
    <failure type="java.lang.NullPointerException" message="Cannot invoke &amp;quot;org.apache.poi.ss.usermodel.Row.getCell(int)&amp;quot; because &amp;quot;row&amp;quot; is null">
      <![CDATA[java.lang.NullPointerException: Cannot invoke "org.apache.poi.ss.usermodel.Row.getCell(int)" because "row" is null
at com.vtiger.genericutil.ExcelUtility.excelUtility(ExcelUtility.java:22)
at com.vtiger.testcases.OrgTest.createOrgTest(OrgTest.java:19)
at java.base/java.util.ArrayList.forEach(ArrayList.java:1511)
... Removed 27 stack frames]]>
    </failure>
  </testcase> <!-- createOrgTest -->
</testsuite> <!-- Test -->
